# JRE version: OpenJDK Runtime Environment Temurin-21.0.9+10 (21.0.9+10) (build 21.0.9+10-LTS)
# Java VM: OpenJDK 64-Bit Server VM Temurin-21.0.9+10 (21.0.9+10-LTS, mixed mode, sharing, tiered, compressed oops, compressed class ptrs, parallel gc, windows-amd64)
GC Precious Log:
 CardTable entry size: 512
 CPUs: 12 total, 12 available
 Memory: 7545M
 Large Page Support: Disabled
 NUMA Support: Disabled
 Compressed Oops: Enabled (32-bit)
 Alignments: Space 512K, Generation 512K, Heap 2M
 Heap Min Capacity: 100M
 Heap Initial Capacity: 100M
 Heap Max Capacity: 2G
 Pre-touch: Disabled
 Parallel Workers: 10
Heap:
 PSYoungGen      total 3584K, used 532K [0x00000000d5580000, 0x00000000d5c80000, 0x0000000100000000)
  eden space 3072K, 11% used [0x00000000d5580000,0x00000000d55d52e8,0x00000000d5880000)
  from space 512K, 37% used [0x00000000d5c00000,0x00000000d5c30000,0x00000000d5c80000)
  to   space 1024K, 0% used [0x00000000d5a80000,0x00000000d5a80000,0x00000000d5b80000)
 ParOldGen       total 167936K, used 167908K [0x0000000080000000, 0x000000008a400000, 0x00000000d5580000)
  object space 167936K, 99% used [0x0000000080000000,0x000000008a3f9090,0x000000008a400000)
 Metaspace       used 77115K, committed 78592K, reserved 1179648K
  class space    used 8351K, committed 8960K, reserved 1048576K
GC Heap History (20 events):
Event: 359.239 GC heap before
{Heap before GC invocations=76 (full 3):
 PSYoungGen      total 7168K, used 7040K [0x00000000d5580000, 0x00000000d6180000, 0x0000000100000000)
  eden space 6656K, 100% used [0x00000000d5580000,0x00000000d5c00000,0x00000000d5c00000)
  from space 512K, 75% used [0x00000000d6100000,0x00000000d6160000,0x00000000d6180000)
  to   space 2048K, 0% used [0x00000000d5d80000,0x00000000d5d80000,0x00000000d5f80000)
 ParOldGen       total 157696K, used 157494K [0x0000000080000000, 0x0000000089a00000, 0x00000000d5580000)
  object space 157696K, 99% used [0x0000000080000000,0x00000000899cda50,0x0000000089a00000)
 Metaspace       used 76677K, committed 78208K, reserved 1179648K
  class space    used 8301K, committed 8896K, reserved 1048576K
}
Event: 359.240 GC heap after
{Heap after GC invocations=76 (full 3):
 PSYoungGen      total 8704K, used 288K [0x00000000d5580000, 0x00000000d6180000, 0x0000000100000000)
  eden space 6656K, 0% used [0x00000000d5580000,0x00000000d5580000,0x00000000d5c00000)
  from space 2048K, 14% used [0x00000000d5d80000,0x00000000d5dc8000,0x00000000d5f80000)
  to   space 1024K, 0% used [0x00000000d6080000,0x00000000d6080000,0x00000000d6180000)
 ParOldGen       total 157696K, used 157534K [0x0000000080000000, 0x0000000089a00000, 0x00000000d5580000)
  object space 157696K, 99% used [0x0000000080000000,0x00000000899d7a50,0x0000000089a00000)
 Metaspace       used 76677K, committed 78208K, reserved 1179648K
  class space    used 8301K, committed 8896K, reserved 1048576K
}
Event: 360.248 GC heap before
{Heap before GC invocations=77 (full 3):
 PSYoungGen      total 8704K, used 6944K [0x00000000d5580000, 0x00000000d6180000, 0x0000000100000000)
  eden space 6656K, 100% used [0x00000000d5580000,0x00000000d5c00000,0x00000000d5c00000)
  from space 2048K, 14% used [0x00000000d5d80000,0x00000000d5dc8000,0x00000000d5f80000)
  to   space 1024K, 0% used [0x00000000d6080000,0x00000000d6080000,0x00000000d6180000)
 ParOldGen       total 157696K, used 157534K [0x0000000080000000, 0x0000000089a00000, 0x00000000d5580000)
  object space 157696K, 99% used [0x0000000080000000,0x00000000899d7a50,0x0000000089a00000)
 Metaspace       used 76968K, committed 78528K, reserved 1179648K
  class space    used 8351K, committed 8960K, reserved 1048576K
}
Event: 360.249 GC heap after
{Heap after GC invocations=77 (full 3):
 PSYoungGen      total 7680K, used 1001K [0x00000000d5580000, 0x00000000d6180000, 0x0000000100000000)
  eden space 6656K, 0% used [0x00000000d5580000,0x00000000d5580000,0x00000000d5c00000)
  from space 1024K, 97% used [0x00000000d6080000,0x00000000d617a630,0x00000000d6180000)
  to   space 1536K, 0% used [0x00000000d5e80000,0x00000000d5e80000,0x00000000d6000000)
 ParOldGen       total 158208K, used 157782K [0x0000000080000000, 0x0000000089a80000, 0x00000000d5580000)
  object space 158208K, 99% used [0x0000000080000000,0x0000000089a15a50,0x0000000089a80000)
 Metaspace       used 76968K, committed 78528K, reserved 1179648K
  class space    used 8351K, committed 8960K, reserved 1048576K
}
Event: 360.274 GC heap before
{Heap before GC invocations=78 (full 3):
 PSYoungGen      total 7680K, used 7657K [0x00000000d5580000, 0x00000000d6180000, 0x0000000100000000)
  eden space 6656K, 100% used [0x00000000d5580000,0x00000000d5c00000,0x00000000d5c00000)
  from space 1024K, 97% used [0x00000000d6080000,0x00000000d617a630,0x00000000d6180000)
  to   space 1536K, 0% used [0x00000000d5e80000,0x00000000d5e80000,0x00000000d6000000)
 ParOldGen       total 158208K, used 157782K [0x0000000080000000, 0x0000000089a80000, 0x00000000d5580000)
  object space 158208K, 99% used [0x0000000080000000,0x0000000089a15a50,0x0000000089a80000)
 Metaspace       used 76968K, committed 78528K, reserved 1179648K
  class space    used 8351K, committed 8960K, reserved 1048576K
}
Event: 360.275 GC heap after
{Heap after GC invocations=78 (full 3):
 PSYoungGen      total 8192K, used 614K [0x00000000d5580000, 0x00000000d6100000, 0x0000000100000000)
  eden space 6656K, 0% used [0x00000000d5580000,0x00000000d5580000,0x00000000d5c00000)
  from space 1536K, 40% used [0x00000000d5e80000,0x00000000d5f19af0,0x00000000d6000000)
  to   space 1024K, 0% used [0x00000000d6000000,0x00000000d6000000,0x00000000d6100000)
 ParOldGen       total 158208K, used 157886K [0x0000000080000000, 0x0000000089a80000, 0x00000000d5580000)
  object space 158208K, 99% used [0x0000000080000000,0x0000000089a2fa60,0x0000000089a80000)
 Metaspace       used 76968K, committed 78528K, reserved 1179648K
  class space    used 8351K, committed 8960K, reserved 1048576K
}
Event: 360.656 GC heap before
{Heap before GC invocations=79 (full 3):
 PSYoungGen      total 8192K, used 7270K [0x00000000d5580000, 0x00000000d6100000, 0x0000000100000000)
  eden space 6656K, 100% used [0x00000000d5580000,0x00000000d5c00000,0x00000000d5c00000)
  from space 1536K, 40% used [0x00000000d5e80000,0x00000000d5f19af0,0x00000000d6000000)
  to   space 1024K, 0% used [0x00000000d6000000,0x00000000d6000000,0x00000000d6100000)
 ParOldGen       total 158208K, used 157886K [0x0000000080000000, 0x0000000089a80000, 0x00000000d5580000)
  object space 158208K, 99% used [0x0000000080000000,0x0000000089a2fa60,0x0000000089a80000)
 Metaspace       used 76985K, committed 78528K, reserved 1179648K
  class space    used 8351K, committed 8960K, reserved 1048576K
}
Event: 360.659 GC heap after
{Heap after GC invocations=79 (full 3):
 PSYoungGen      total 7680K, used 1008K [0x00000000d5580000, 0x00000000d6400000, 0x0000000100000000)
  eden space 6656K, 0% used [0x00000000d5580000,0x00000000d5580000,0x00000000d5c00000)
  from space 1024K, 98% used [0x00000000d6000000,0x00000000d60fc030,0x00000000d6100000)
  to   space 4096K, 0% used [0x00000000d5c00000,0x00000000d5c00000,0x00000000d6000000)
 ParOldGen       total 160768K, used 160309K [0x0000000080000000, 0x0000000089d00000, 0x00000000d5580000)
  object space 160768K, 99% used [0x0000000080000000,0x0000000089c8d550,0x0000000089d00000)
 Metaspace       used 76985K, committed 78528K, reserved 1179648K
  class space    used 8351K, committed 8960K, reserved 1048576K
}
Event: 639.761 GC heap before
{Heap before GC invocations=80 (full 3):
 PSYoungGen      total 7680K, used 7664K [0x00000000d5580000, 0x00000000d6400000, 0x0000000100000000)
  eden space 6656K, 100% used [0x00000000d5580000,0x00000000d5c00000,0x00000000d5c00000)
  from space 1024K, 98% used [0x00000000d6000000,0x00000000d60fc030,0x00000000d6100000)
  to   space 4096K, 0% used [0x00000000d5c00000,0x00000000d5c00000,0x00000000d6000000)
 ParOldGen       total 160768K, used 160309K [0x0000000080000000, 0x0000000089d00000, 0x00000000d5580000)
  object space 160768K, 99% used [0x0000000080000000,0x0000000089c8d550,0x0000000089d00000)
 Metaspace       used 77044K, committed 78528K, reserved 1179648K
  class space    used 8351K, committed 8960K, reserved 1048576K
}
Event: 639.763 GC heap after
{Heap after GC invocations=80 (full 3):
 PSYoungGen      total 7168K, used 224K [0x00000000d5580000, 0x00000000d6080000, 0x0000000100000000)
  eden space 6656K, 0% used [0x00000000d5580000,0x00000000d5580000,0x00000000d5c00000)
  from space 512K, 43% used [0x00000000d5c00000,0x00000000d5c38000,0x00000000d5c80000)
  to   space 1536K, 0% used [0x00000000d5f00000,0x00000000d5f00000,0x00000000d6080000)
 ParOldGen       total 161280K, used 161069K [0x0000000080000000, 0x0000000089d80000, 0x00000000d5580000)
  object space 161280K, 99% used [0x0000000080000000,0x0000000089d4b550,0x0000000089d80000)
 Metaspace       used 77044K, committed 78528K, reserved 1179648K
  class space    used 8351K, committed 8960K, reserved 1048576K
}
Event: 640.293 GC heap before
{Heap before GC invocations=81 (full 3):
 PSYoungGen      total 7168K, used 6880K [0x00000000d5580000, 0x00000000d6080000, 0x0000000100000000)
  eden space 6656K, 100% used [0x00000000d5580000,0x00000000d5c00000,0x00000000d5c00000)
  from space 512K, 43% used [0x00000000d5c00000,0x00000000d5c38000,0x00000000d5c80000)
  to   space 1536K, 0% used [0x00000000d5f00000,0x00000000d5f00000,0x00000000d6080000)
 ParOldGen       total 161280K, used 161069K [0x0000000080000000, 0x0000000089d80000, 0x00000000d5580000)
  object space 161280K, 99% used [0x0000000080000000,0x0000000089d4b550,0x0000000089d80000)
 Metaspace       used 77064K, committed 78592K, reserved 1179648K
  class space    used 8351K, committed 8960K, reserved 1048576K
}
Event: 640.299 GC heap after
{Heap after GC invocations=81 (full 3):
 PSYoungGen      total 6144K, used 1513K [0x00000000d5580000, 0x00000000d6600000, 0x0000000100000000)
  eden space 4608K, 0% used [0x00000000d5580000,0x00000000d5580000,0x00000000d5a00000)
  from space 1536K, 98% used [0x00000000d5f00000,0x00000000d607a5e0,0x00000000d6080000)
  to   space 5120K, 0% used [0x00000000d5a00000,0x00000000d5a00000,0x00000000d5f00000)
 ParOldGen       total 163840K, used 163525K [0x0000000080000000, 0x000000008a000000, 0x00000000d5580000)
  object space 163840K, 99% used [0x0000000080000000,0x0000000089fb1550,0x000000008a000000)
 Metaspace       used 77064K, committed 78592K, reserved 1179648K
  class space    used 8351K, committed 8960K, reserved 1048576K
}
Event: 640.335 GC heap before
{Heap before GC invocations=82 (full 3):
 PSYoungGen      total 6144K, used 6121K [0x00000000d5580000, 0x00000000d6600000, 0x0000000100000000)
  eden space 4608K, 100% used [0x00000000d5580000,0x00000000d5a00000,0x00000000d5a00000)
  from space 1536K, 98% used [0x00000000d5f00000,0x00000000d607a5e0,0x00000000d6080000)
  to   space 5120K, 0% used [0x00000000d5a00000,0x00000000d5a00000,0x00000000d5f00000)
 ParOldGen       total 163840K, used 163525K [0x0000000080000000, 0x000000008a000000, 0x00000000d5580000)
  object space 163840K, 99% used [0x0000000080000000,0x0000000089fb1550,0x000000008a000000)
 Metaspace       used 77064K, committed 78592K, reserved 1179648K
  class space    used 8351K, committed 8960K, reserved 1048576K
}
Event: 640.337 GC heap after
{Heap after GC invocations=82 (full 3):
 PSYoungGen      total 5632K, used 646K [0x00000000d5580000, 0x00000000d5f80000, 0x0000000100000000)
  eden space 4608K, 0% used [0x00000000d5580000,0x00000000d5580000,0x00000000d5a00000)
  from space 1024K, 63% used [0x00000000d5a00000,0x00000000d5aa1af0,0x00000000d5b00000)
  to   space 2048K, 0% used [0x00000000d5d80000,0x00000000d5d80000,0x00000000d5f80000)
 ParOldGen       total 163840K, used 163677K [0x0000000080000000, 0x000000008a000000, 0x00000000d5580000)
  object space 163840K, 99% used [0x0000000080000000,0x0000000089fd7580,0x000000008a000000)
 Metaspace       used 77064K, committed 78592K, reserved 1179648K
  class space    used 8351K, committed 8960K, reserved 1048576K
}
Event: 640.378 GC heap before
{Heap before GC invocations=83 (full 3):
 PSYoungGen      total 5632K, used 5254K [0x00000000d5580000, 0x00000000d5f80000, 0x0000000100000000)
  eden space 4608K, 100% used [0x00000000d5580000,0x00000000d5a00000,0x00000000d5a00000)
  from space 1024K, 63% used [0x00000000d5a00000,0x00000000d5aa1af0,0x00000000d5b00000)
  to   space 2048K, 0% used [0x00000000d5d80000,0x00000000d5d80000,0x00000000d5f80000)
 ParOldGen       total 163840K, used 163677K [0x0000000080000000, 0x000000008a000000, 0x00000000d5580000)
  object space 163840K, 99% used [0x0000000080000000,0x0000000089fd7580,0x000000008a000000)
 Metaspace       used 77066K, committed 78592K, reserved 1179648K
  class space    used 8351K, committed 8960K, reserved 1048576K
}
Event: 640.381 GC heap after
{Heap after GC invocations=83 (full 3):
 PSYoungGen      total 5120K, used 2032K [0x00000000d5580000, 0x00000000d6400000, 0x0000000100000000)
  eden space 3072K, 0% used [0x00000000d5580000,0x00000000d5580000,0x00000000d5880000)
  from space 2048K, 99% used [0x00000000d5d80000,0x00000000d5f7c000,0x00000000d5f80000)
  to   space 5120K, 0% used [0x00000000d5880000,0x00000000d5880000,0x00000000d5d80000)
 ParOldGen       total 165888K, used 165884K [0x0000000080000000, 0x000000008a200000, 0x00000000d5580000)
  object space 165888K, 99% used [0x0000000080000000,0x000000008a1ff070,0x000000008a200000)
 Metaspace       used 77066K, committed 78592K, reserved 1179648K
  class space    used 8351K, committed 8960K, reserved 1048576K
}
Event: 640.699 GC heap before
{Heap before GC invocations=84 (full 3):
 PSYoungGen      total 5120K, used 5103K [0x00000000d5580000, 0x00000000d6400000, 0x0000000100000000)
  eden space 3072K, 99% used [0x00000000d5580000,0x00000000d587ffe0,0x00000000d5880000)
  from space 2048K, 99% used [0x00000000d5d80000,0x00000000d5f7c000,0x00000000d5f80000)
  to   space 5120K, 0% used [0x00000000d5880000,0x00000000d5880000,0x00000000d5d80000)
 ParOldGen       total 165888K, used 165884K [0x0000000080000000, 0x000000008a200000, 0x00000000d5580000)
  object space 165888K, 99% used [0x0000000080000000,0x000000008a1ff070,0x000000008a200000)
 Metaspace       used 77085K, committed 78592K, reserved 1179648K
  class space    used 8351K, committed 8960K, reserved 1048576K
}
Event: 640.704 GC heap after
{Heap after GC invocations=84 (full 3):
 PSYoungGen      total 3584K, used 432K [0x00000000d5580000, 0x00000000d5e00000, 0x0000000100000000)
  eden space 3072K, 0% used [0x00000000d5580000,0x00000000d5580000,0x00000000d5880000)
  from space 512K, 84% used [0x00000000d5880000,0x00000000d58ec030,0x00000000d5900000)
  to   space 2048K, 0% used [0x00000000d5c00000,0x00000000d5c00000,0x00000000d5e00000)
 ParOldGen       total 167936K, used 167724K [0x0000000080000000, 0x000000008a400000, 0x00000000d5580000)
  object space 167936K, 99% used [0x0000000080000000,0x000000008a3cb070,0x000000008a400000)
 Metaspace       used 77085K, committed 78592K, reserved 1179648K
  class space    used 8351K, committed 8960K, reserved 1048576K
}
Event: 2964.042 GC heap before
{Heap before GC invocations=85 (full 3):
 PSYoungGen      total 3584K, used 3504K [0x00000000d5580000, 0x00000000d5e00000, 0x0000000100000000)
  eden space 3072K, 99% used [0x00000000d5580000,0x00000000d587ffe8,0x00000000d5880000)
  from space 512K, 84% used [0x00000000d5880000,0x00000000d58ec030,0x00000000d5900000)
  to   space 2048K, 0% used [0x00000000d5c00000,0x00000000d5c00000,0x00000000d5e00000)
 ParOldGen       total 167936K, used 167724K [0x0000000080000000, 0x000000008a400000, 0x00000000d5580000)
  object space 167936K, 99% used [0x0000000080000000,0x000000008a3cb070,0x000000008a400000)
 Metaspace       used 77112K, committed 78592K, reserved 1179648K
  class space    used 8351K, committed 8960K, reserved 1048576K
}
Event: 2964.143 GC heap after
{Heap after GC invocations=85 (full 3):
 PSYoungGen      total 3584K, used 192K [0x00000000d5580000, 0x00000000d5c80000, 0x0000000100000000)
  eden space 3072K, 0% used [0x00000000d5580000,0x00000000d5580000,0x00000000d5880000)
  from space 512K, 37% used [0x00000000d5c00000,0x00000000d5c30000,0x00000000d5c80000)
  to   space 1024K, 0% used [0x00000000d5a80000,0x00000000d5a80000,0x00000000d5b80000)
 ParOldGen       total 167936K, used 167908K [0x0000000080000000, 0x000000008a400000, 0x00000000d5580000)
  object space 167936K, 99% used [0x0000000080000000,0x000000008a3f9090,0x000000008a400000)
 Metaspace       used 77112K, committed 78592K, reserved 1179648K
  class space    used 8351K, committed 8960K, reserved 1048576K
}

